<?xml version="1.0" encoding="UTF-8"?>
<!-- Generated by org.testng.reporters.JUnitXMLReporter -->
<testsuite ignored="2" hostname="LAPTOP-N1KMP2C8" failures="0" tests="1" name="Test" time="0.08" errors="0" timestamp="2025-05-27T11:54:08 IST">
  <testcase classname="BaseClassPackage.BaseClassCRM" name="@BeforeClass configBC" time="-1.748327048841E9">
    <failure type="org.testng.TestNGException" message="
Parameter &amp;apos;browser&amp;apos; is required by BeforeClass on method configBC but has not been marked @Optional or defined
in C:\Users\anjal\eclipse-workspace\Framework\Selenium_Advance_Maven\tListnerplusextentreport.xml">
      <![CDATA[org.testng.TestNGException: 
Parameter 'browser' is required by BeforeClass on method configBC but has not been marked @Optional or defined
in C:\Users\anjal\eclipse-workspace\Framework\Selenium_Advance_Maven\tListnerplusextentreport.xml
at java.base/java.util.ArrayList.forEach(ArrayList.java:1511)
... Removed 22 stack frames]]>
    </failure>
  </testcase> <!-- @BeforeClass configBC -->
  <testcase classname="BaseClassPackage.BaseClassCRM" name="@BeforeMethod configBM" time="0.0">
    <skipped/>
  </testcase> <!-- @BeforeMethod configBM -->
  <testcase classname="BaseClassPackage.BaseClassCRM" name="@AfterMethod configAM" time="0.0">
    <skipped/>
  </testcase> <!-- @AfterMethod configAM -->
  <testcase classname="BaseClassPackage.BaseClassCRM" name="@AfterClass configAC" time="0.0">
    <skipped/>
  </testcase> <!-- @AfterClass configAC -->
  <testcase classname="TestNG.CreateCampaignwithDate2Dupe" name="CreateCampaignDateTest" time="0.0">
    <skipped/>
  </testcase> <!-- CreateCampaignDateTest -->
  <testcase classname="TestNG.CreateCampaignwithDate2Dupe" name="createCampaignWithMandatoryFieldsTest" time="0.0">
    <ignored/>
  </testcase> <!-- createCampaignWithMandatoryFieldsTest -->
  <testcase classname="TestNG.CreateCampaignwithDate2Dupe" name="CreateCampaign" time="0.0">
    <ignored/>
  </testcase> <!-- CreateCampaign -->
</testsuite> <!-- Test -->
